\BOOKMARK [0][-]{chapter.1}{Introducci\363n e Obxetivos}{}% 1
\BOOKMARK [0][-]{chapter.2}{Fundamentos Te\363ricos e Conceptos Previos}{}% 2
\BOOKMARK [1][-]{section.2.1}{Programaci\363n Web}{chapter.2}% 3
\BOOKMARK [1][-]{section.2.2}{OpenCV}{chapter.2}% 4
\BOOKMARK [1][-]{section.2.3}{An\341lisis do Comportamento}{chapter.2}% 5
\BOOKMARK [0][-]{chapter.3}{An\341lise de antecedentes e alternativas}{}% 6
\BOOKMARK [0][-]{chapter.4}{Estudo das tecnoloxias para a creaci\363n de aplicacions web basadas en v\355deo}{}% 7
\BOOKMARK [1][-]{section.4.1}{Estudio y comprensi\363n del dominio del proyecto}{chapter.4}% 8
\BOOKMARK [1][-]{section.4.2}{An\341lisis de las distintas metodolog\355as para la creaci\363n de aplicaciones web basadas en v\355deo}{chapter.4}% 9
\BOOKMARK [2][-]{subsection.4.2.1}{Dise\361o de la Metodolog\355a}{section.4.2}% 10
\BOOKMARK [2][-]{subsection.4.2.2}{Implementaci\363n de la metodolog\355a seleccionada}{section.4.2}% 11
\BOOKMARK [2][-]{subsection.4.2.3}{Estudio y validaci\363n de los resultados}{section.4.2}% 12
\BOOKMARK [2][-]{subsection.4.2.4}{Realizaci\363n de la memoria del proyecto}{section.4.2}% 13
\BOOKMARK [1][-]{section.4.3}{T\355tulo secci\363n}{chapter.4}% 14
\BOOKMARK [2][-]{subsection.4.3.1}{T\355tulo subsecci\363n}{section.4.3}% 15
\BOOKMARK [2][-]{subsection.4.3.2}{T\355tulo subsecci\363n}{section.4.3}% 16
\BOOKMARK [0][-]{chapter.5}{Metodolox\355a segu\355da no desenvolvemento de Proxecto}{}% 17
\BOOKMARK [1][-]{section.5.1}{Control de Versi\363ns con GitHub}{chapter.5}% 18
\BOOKMARK [2][-]{subsection.5.1.1}{T\355tulo}{section.5.1}% 19
\BOOKMARK [1][-]{section.5.2}{Integraci\363n Continua con TravisCI}{chapter.5}% 20
\BOOKMARK [1][-]{section.5.3}{Control da covertura con Coveralls}{chapter.5}% 21
\BOOKMARK [1][-]{section.5.4}{Xesti\363n de Incidencias e Control de Proxecto con YouTrack}{chapter.5}% 22
\BOOKMARK [0][-]{chapter.6}{Funcionalidades Destacadas}{}% 23
\BOOKMARK [1][-]{section.6.1}{Control de Usuarios}{chapter.6}% 24
\BOOKMARK [1][-]{section.6.2}{Reproducci\363n de V\355deo}{chapter.6}% 25
\BOOKMARK [1][-]{section.6.3}{Carga de V\355deo}{chapter.6}% 26
\BOOKMARK [1][-]{section.6.4}{An\341lise de V\355deo}{chapter.6}% 27
\BOOKMARK [1][-]{section.6.5}{Detecci\363n de Obxetos}{chapter.6}% 28
\BOOKMARK [1][-]{section.6.6}{Traxectorias}{chapter.6}% 29
\BOOKMARK [1][-]{section.6.7}{Comportamento anormal}{chapter.6}% 30
\BOOKMARK [2][-]{subsection.6.7.1}{T\355tulo}{section.6.7}% 31
\BOOKMARK [0][-]{chapter.7}{Probas Realizadas}{}% 32
\BOOKMARK [1][-]{section.7.1}{Probas Unitarias}{chapter.7}% 33
\BOOKMARK [2][-]{subsection.7.1.1}{Probas Autom\341ticas}{section.7.1}% 34
\BOOKMARK [1][-]{section.7.2}{Probas de Integraci\363n}{chapter.7}% 35
\BOOKMARK [2][-]{subsection.7.2.1}{Probas funcionais Selenium}{section.7.2}% 36
\BOOKMARK [1][-]{section.7.3}{Probas de Sistema}{chapter.7}% 37
\BOOKMARK [1][-]{section.7.4}{Probas de Aceptaci\363n}{chapter.7}% 38
\BOOKMARK [0][-]{chapter.8}{Planificaci\363n e Evaluaci\363n de Costes}{}% 39
\BOOKMARK [0][-]{chapter.9}{Resultados e Conclusi\363ns}{}% 40
\BOOKMARK [0][-]{chapter.10}{L\355neas Futuras}{}% 41
\BOOKMARK [1][-]{section.10.1}{Video en Directo}{chapter.10}% 42
\BOOKMARK [0][-]{appendix.Alph1}{T\355tulo}{}% 43
\BOOKMARK [1][-]{section.Alph1.1}{Lista de Acr\363nimos}{appendix.Alph1}% 44
\BOOKMARK [1][-]{section.Alph1.2}{Manual de Usuario}{appendix.Alph1}% 45
\BOOKMARK [1][-]{section.Alph1.3}{Manual de referencias T\351cnicas}{appendix.Alph1}% 46
\BOOKMARK [1][-]{section.Alph1.4}{Notas acerca da Terminolox\355a}{appendix.Alph1}% 47
